<?xml version="1.0" encoding="UTF-8"?>
<!-- Generated by org.testng.reporters.JUnitXMLReporter -->
<testsuite hostname="Thirumoorthi" ignored="0" name="First test" tests="4" failures="1" timestamp="18 Jun 2018 21:59:51 GMT" time="0.076" errors="0">
  <testcase name="test" time="0.03" classname="testcases.mvntest">
    <skipped/>
  </testcase> <!-- test -->
  <testcase name="test" time="0.0" classname="testcases.mvntest">
    <skipped/>
  </testcase> <!-- test -->
  <testcase name="test" time="0.0" classname="testcases.mvntest">
    <skipped/>
  </testcase> <!-- test -->
  <testcase name="test" time="0.0" classname="testcases.mvntest">
    <failure type="java.lang.AssertionError" message="The following asserts failed:
	expected [true] but found [false]">
      <![CDATA[java.lang.AssertionError: The following asserts failed:
	expected [true] but found [false]
	at testcases.mvntest.test(mvntest.java:16)
... Removed 26 stack frames]]>
    </failure>
  </testcase> <!-- test -->
</testsuite> <!-- First test -->
